0 info it worked if it ends with ok
1 verbose cli [ 'C:\\Program Files\\nodejs\\node.exe',
1 verbose cli   'C:\\Program Files\\nodejs\\node_modules\\npm\\bin\\npm-cli.js',
1 verbose cli   'start' ]
2 info using npm@3.8.9
3 info using node@v6.2.0
4 verbose run-script [ 'prestart', 'start', 'poststart' ]
5 info lifecycle myapp@0.1.0~prestart: myapp@0.1.0
6 silly lifecycle myapp@0.1.0~prestart: no script for prestart, continuing
7 info lifecycle myapp@0.1.0~start: myapp@0.1.0
8 verbose lifecycle myapp@0.1.0~start: unsafe-perm in lifecycle true
9 verbose lifecycle myapp@0.1.0~start: PATH: C:\Program Files\nodejs\node_modules\npm\bin\node-gyp-bin;E:\e\project\lajibox\release\layaweb\myrs\node_modules\.bin;C:\Program Files\nodejs;C:\Users\Administrator\bin;C:\Program Files\Git\mingw64\bin;C:\Program Files\Git\usr\local\bin;C:\Program Files\Git\usr\bin;C:\Program Files\Git\usr\bin;C:\Program Files\Git\mingw64\bin;C:\Program Files\Git\usr\bin;C:\Users\Administrator\bin;C:\windows\system32;C:\windows;C:\windows\System32\Wbem;C:\windows\System32\WindowsPowerShell\v1.0;C:\Program Files\nodejs\node_global;C:\Program Files\nodejs;C:\Python27;C:\Program Files (x86)\Microsoft SQL Server\100\Tools\Binn;C:\Program Files\Microsoft SQL Server\100\Tools\Binn;C:\Program Files\Microsoft SQL Server\100\DTS\Binn;C:\Program Files (x86)\Heroku\bin;C:\Program Files (x86)\git\cmd;C:\Program Files (x86)\Java\jdk1.6.0_14\bin;C:\Program Files (x86)\Java\jdk1.6.0_14\jre\bin;C:\HaxeToolkit\haxe;C:\HaxeToolkit\neko;C:\Program Files (x86)\Git\cmd;E:\HashiCorp\Vagrant\bin;C:\Program Files\Git\cmd;C:\windows\SysWOW64;C:\Program Files\Cloud Foundry;C:\Program Files\IBM\Bluemix\bin;C:\Users\Administrator\AppData\Roaming\npm;C:\Program Files\Git\usr\bin\vendor_perl;C:\Program Files\Git\usr\bin\core_perl
10 verbose lifecycle myapp@0.1.0~start: CWD: E:\e\project\lajibox\release\layaweb\myrs
11 silly lifecycle myapp@0.1.0~start: Args: [ '/d /s /c', 'node myapp.js' ]
12 silly lifecycle myapp@0.1.0~start: Returned: code: 1  signal: null
13 info lifecycle myapp@0.1.0~start: Failed to exec start script
14 verbose stack Error: myapp@0.1.0 start: `node myapp.js`
14 verbose stack Exit status 1
14 verbose stack     at EventEmitter.<anonymous> (C:\Program Files\nodejs\node_modules\npm\lib\utils\lifecycle.js:245:16)
14 verbose stack     at emitTwo (events.js:106:13)
14 verbose stack     at EventEmitter.emit (events.js:191:7)
14 verbose stack     at ChildProcess.<anonymous> (C:\Program Files\nodejs\node_modules\npm\lib\utils\spawn.js:24:14)
14 verbose stack     at emitTwo (events.js:106:13)
14 verbose stack     at ChildProcess.emit (events.js:191:7)
14 verbose stack     at maybeClose (internal/child_process.js:850:16)
14 verbose stack     at Process.ChildProcess._handle.onexit (internal/child_process.js:215:5)
15 verbose pkgid myapp@0.1.0
16 verbose cwd E:\e\project\lajibox\release\layaweb\myrs
17 error Windows_NT 6.1.7601
18 error argv "C:\\Program Files\\nodejs\\node.exe" "C:\\Program Files\\nodejs\\node_modules\\npm\\bin\\npm-cli.js" "start"
19 error node v6.2.0
20 error npm  v3.8.9
21 error code ELIFECYCLE
22 error myapp@0.1.0 start: `node myapp.js`
22 error Exit status 1
23 error Failed at the myapp@0.1.0 start script 'node myapp.js'.
23 error Make sure you have the latest version of node.js and npm installed.
23 error If you do, this is most likely a problem with the myapp package,
23 error not with npm itself.
23 error Tell the author that this fails on your system:
23 error     node myapp.js
23 error You can get information on how to open an issue for this project with:
23 error     npm bugs myapp
23 error Or if that isn't available, you can get their info via:
23 error     npm owner ls myapp
23 error There is likely additional logging output above.
24 verbose exit [ 1, true ]
